<?xml version="1.0" encoding="UTF-8"?>
<!-- Generated by org.testng.reporters.JUnitReportReporter -->
<testsuite hostname="LAPTOP-QHC9AB80" failures="0" tests="1" name="test.LoginTest" time="6.622" errors="0" timestamp="2021-09-03T19:07:03 EDT" skipped="0">
  <testcase classname="test.LoginTest" name="loginTest" time="6.622"/>
  <system-out/>
</testsuite> <!-- test.LoginTest -->
